
--------------------------------------------------
TXLib предупреждает:

Программа: C:\Users\Rimma\Documents\GitHub\dz-myltik\палтарашка.exe,

ВНЕЗАПНО: Целочисленное деление на ноль.

#1: Исключение EXCEPTION_INT_DIVIDE_BY_ZERO (0xC0000094) при выполнении кода по адресу 0x0042C615 в функции main() в файле C:/Users/Rimma/Documents/GitHub/dz-myltik/палтарашка.cpp на строке 37 в модуле C:\Users\Rimma\Documents\GitHub\dz-myltik\палтарашка.exe. Спасибо _txVectoredExceptionHandler(), что сообщил. Люблю его <3

#1: TXLib [Ver: 00173a, Rev: 173, Date: 2024-04-10 21:00:00 +0400], Instance: 0x0050A304 (32-bit), Flags: CMdRe0, Thread: 0xA80 (Main). 

--------------------------------------------------
Стек вызовов:

# 0 0x0042C615 in C:\Users\Rimma\Documents\GitHub\dz-myltik\палтарашка.exe: main() at C:/Users/Rimma/Documents/GitHub/dz-myltik/палтарашка.cpp (37):

     35:         11, 11,
     36:         67 - (t / 5) % 2 * 30);
=>   37:         int k = 1 / t;                                                                                  // t          =  0   1   2   3   4   5   6   7   8   9  10
     38:                                                                                                                  // t % 2      =  0   1   0   1   0   1   0   1   0   1   0
     39:         txSleep (20);                                                                                            // t % 2 * 30 =  0   30  0   30  0   30  0   30  0   30  0

--------------------------------------------------
Стек вызовов TX:

# 0 in int drow_cat(double, double, double, double, double, double, double, double, double, double) at C:\Users\Rimma\Documents\GitHub\dz-myltik\палтарашка.cpp:99:

     97:     txSetColor (TX_LIGHTBLUE, 3); txLine ((32  - 300 - slide_leg) * size_x + x, (428 - 280 - slide_y) * size_y + y, (16  - 300 - slide_leg) * size_x + x, (437 - 280 - slide_y) * size_y + y);
     98: 
=>   99:     txCircle ((300 - 300) + x, 280 - 280 + y, 10);
    100: 
    101:     return 0;

--------------------------------------------------
Developed with:

The Dumb Artist Library (TX Library)
TXLib [Ver: 00173a, Rev: 173, Date: 2024-04-10 21:00:00 +0400]
Copyright (C) Ded (Ilya Dedinsky, http://txlib.ru) <mail@txlib.ru>
See license on: http://txlib.ru

TXLib file:	C:\Users\Rimma\Desktop\TX\TXLib.h
Compiled:	Jul  2 2024 23:16:32, GNU g++ 4.8.1, std=201103L, MinGW Runtime 3.20, 32-bit, DEBUG
Started:	Jul 02 2024 23:16:37

Run file:	C:\Users\Rimma\Documents\GitHub\dz-myltik\палтарашка.exe
Directory:	C:\Users\Rimma\Documents\GitHub\dz-myltik

--------------------------------------------------

--------------------------------------------------
TXLib соболезнует...

Программа: C:\Users\Rimma\Documents\GitHub\dz-myltik\палтарашка.exe,

ВНЕЗАПНО: Целочисленное деление на ноль.

#1: Исключение EXCEPTION_INT_DIVIDE_BY_ZERO (0xC0000094) при выполнении кода по адресу 0x0042C615 в функции main() в файле C:/Users/Rimma/Documents/GitHub/dz-myltik/палтарашка.cpp на строке 37 в модуле C:\Users\Rimma\Documents\GitHub\dz-myltik\палтарашка.exe. Спасибо _txVectoredExceptionHandler(), что сообщил. Люблю его <3

С помощью функции _set_se_translator() вы можете сами обработать эту ошибку.

#2: TXLib [Ver: 00173a, Rev: 173, Date: 2024-04-10 21:00:00 +0400], Instance: 0x0050A304 (32-bit), Flags: CMdRe0, Thread: 0xA80 (Main). 

--------------------------------------------------
Стек вызовов:

# 0 0x0042C615 in C:\Users\Rimma\Documents\GitHub\dz-myltik\палтарашка.exe: main() at C:/Users/Rimma/Documents/GitHub/dz-myltik/палтарашка.cpp (37):

     35:         11, 11,
     36:         67 - (t / 5) % 2 * 30);
=>   37:         int k = 1 / t;                                                                                  // t          =  0   1   2   3   4   5   6   7   8   9  10
     38:                                                                                                                  // t % 2      =  0   1   0   1   0   1   0   1   0   1   0
     39:         txSleep (20);                                                                                            // t % 2 * 30 =  0   30  0   30  0   30  0   30  0   30  0

--------------------------------------------------
Стек вызовов TX:

# 0 in int drow_cat(double, double, double, double, double, double, double, double, double, double) at C:\Users\Rimma\Documents\GitHub\dz-myltik\палтарашка.cpp:99:

     97:     txSetColor (TX_LIGHTBLUE, 3); txLine ((32  - 300 - slide_leg) * size_x + x, (428 - 280 - slide_y) * size_y + y, (16  - 300 - slide_leg) * size_x + x, (437 - 280 - slide_y) * size_y + y);
     98: 
=>   99:     txCircle ((300 - 300) + x, 280 - 280 + y, 10);
    100: 
    101:     return 0;

--------------------------------------------------
Developed with:

The Dumb Artist Library (TX Library)
TXLib [Ver: 00173a, Rev: 173, Date: 2024-04-10 21:00:00 +0400]
Copyright (C) Ded (Ilya Dedinsky, http://txlib.ru) <mail@txlib.ru>
See license on: http://txlib.ru

TXLib file:	C:\Users\Rimma\Desktop\TX\TXLib.h
Compiled:	Jul  2 2024 23:16:32, GNU g++ 4.8.1, std=201103L, MinGW Runtime 3.20, 32-bit, DEBUG
Started:	Jul 02 2024 23:16:37

Run file:	C:\Users\Rimma\Documents\GitHub\dz-myltik\палтарашка.exe
Directory:	C:\Users\Rimma\Documents\GitHub\dz-myltik

--------------------------------------------------
